<?xml version="1.0" encoding="UTF-8"?>
<!-- Generated by org.testng.reporters.JUnitReportReporter -->
<testsuite hostname="Yashs-MacBook-Pro.local" failures="0" tests="1" name="Academy.validateNavigationBar" time="0.053" errors="0" timestamp="2020-12-29T11:56:49 IST" skipped="0">
  <testcase classname="Academy.validateNavigationBar" name="basePageNavigation" time="0.053"/>
  <system-out/>
</testsuite> <!-- Academy.validateNavigationBar -->
