<?xml version="1.0" encoding="UTF-8"?>
<!-- Generated by org.testng.reporters.JUnitReportReporter -->
<testsuite hostname="Yashs-MacBook-Pro.local" failures="0" tests="2" name="Academy.HomePage" time="7.611" errors="0" timestamp="2020-12-29T11:56:49 IST" skipped="0">
  <testcase classname="Academy.HomePage" name="basePageNavigation" time="4.990"/>
  <system-out/>
  <testcase classname="Academy.HomePage" name="basePageNavigation" time="2.621"/>
  <system-out/>
</testsuite> <!-- Academy.HomePage -->
