<?xml version="1.0" encoding="UTF-8"?>
<!-- Generated by org.testng.reporters.JUnitReportReporter -->
<testsuite hostname="Yashs-MacBook-Pro.local" failures="0" tests="2" name="Academy.HomePage" time="5.842" errors="0" timestamp="2021-01-24T15:36:19 IST" skipped="0">
  <testcase classname="Academy.HomePage" name="basePageNavigation" time="3.541"/>
  <system-out/>
  <testcase classname="Academy.HomePage" name="basePageNavigation" time="2.301"/>
  <system-out/>
</testsuite> <!-- Academy.HomePage -->
